<?xml version="1.0" encoding="UTF-8"?>
<!-- Generated by org.testng.reporters.JUnitReportReporter -->
<testsuite hostname="Aliya" failures="0" tests="1" name="addressbook.NewTest" time="16.363" errors="0" timestamp="2020-02-11T14:08:39 IST" skipped="0">
  <testcase classname="addressbook.NewTest" name="verfiy" time="16.363"/>
  <system-out/>
</testsuite> <!-- addressbook.NewTest -->
